<?xml version="1.0" encoding="UTF-8"?>
<testng-results skipped="0" failed="0" ignored="0" total="1" passed="1">
  <reporter-output>
  </reporter-output>
  <suite name="Default suite" duration-ms="6560" started-at="2022-08-30T18:11:41Z" finished-at="2022-08-30T18:11:48Z">
    <groups>
    </groups>
    <test name="Default test" duration-ms="6560" started-at="2022-08-30T18:11:41Z" finished-at="2022-08-30T18:11:48Z">
      <class name="test.MonthDropdownTest">
        <test-method status="PASS" signature="validatethemonthdropdown()[pri:0, instance:test.MonthDropdownTest@7f77e91b]" name="validatethemonthdropdown" duration-ms="6545" started-at="2022-08-30T18:11:41Z" finished-at="2022-08-30T18:11:48Z">
          <reporter-output>
          </reporter-output>
        </test-method> <!-- validatethemonthdropdown -->
      </class> <!-- test.MonthDropdownTest -->
    </test> <!-- Default test -->
  </suite> <!-- Default suite -->
</testng-results>
